/camera/camera_nodelet_manager/get_loggers
/camera/camera_nodelet_manager/list
/camera/camera_nodelet_manager/load_nodelet
/camera/camera_nodelet_manager/set_logger_level
/camera/camera_nodelet_manager/unload_nodelet
/camera/depth/image/compressed/set_parameters
/camera/depth/image/compressedDepth/set_parameters
/camera/depth/image/theora/set_parameters
/camera/depth/image_raw/compressed/set_parameters
/camera/depth/image_raw/compressedDepth/set_parameters
/camera/depth/image_raw/theora/set_parameters
/camera/depth/image_rect/compressed/set_parameters
/camera/depth/image_rect/compressedDepth/set_parameters
/camera/depth/image_rect/theora/set_parameters
/camera/depth/image_rect_raw/compressed/set_parameters
/camera/depth/image_rect_raw/compressedDepth/set_parameters
/camera/depth/image_rect_raw/theora/set_parameters
/camera/depth_metric/get_loggers
/camera/depth_metric/set_logger_level
/camera/depth_metric_rect/get_loggers
/camera/depth_metric_rect/set_logger_level
/camera/depth_points/get_loggers
/camera/depth_points/set_logger_level
/camera/depth_rectify_depth/get_loggers
/camera/depth_rectify_depth/set_logger_level
/camera/depth_rectify_depth/set_parameters
/camera/depth_registered/image_raw/compressed/set_parameters
/camera/depth_registered/image_raw/compressedDepth/set_parameters
/camera/depth_registered/image_raw/theora/set_parameters
/camera/depth_registered/sw_registered/image_rect/compressed/set_parameters
/camera/depth_registered/sw_registered/image_rect/compressedDepth/set_parameters
/camera/depth_registered/sw_registered/image_rect/theora/set_parameters
/camera/depth_registered/sw_registered/image_rect_raw/compressed/set_parameters
/camera/depth_registered/sw_registered/image_rect_raw/compressedDepth/set_parameters
/camera/depth_registered/sw_registered/image_rect_raw/theora/set_parameters
/camera/depth_registered_sw_metric_rect/get_loggers
/camera/depth_registered_sw_metric_rect/set_logger_level
/camera/driver/get_loggers
/camera/driver/set_logger_level
/camera/driver/set_parameters
/camera/get_camera_info
/camera/get_camera_params
/camera/get_color_exposure
/camera/get_color_gain
/camera/get_depth_exposure
/camera/get_depth_gain
/camera/get_device_type
/camera/get_ir_exposure
/camera/get_ir_gain
/camera/get_serial
/camera/get_uvc_exposure
/camera/get_uvc_gain
/camera/get_uvc_mirror
/camera/get_uvc_white_balance
/camera/get_version
/camera/ir/image/compressed/set_parameters
/camera/ir/image/compressedDepth/set_parameters
/camera/ir/image/theora/set_parameters
/camera/ir/set_camera_info
/camera/points_xyzrgb_sw_registered/get_loggers
/camera/points_xyzrgb_sw_registered/set_logger_level
/camera/register_depth_rgb/get_loggers
/camera/register_depth_rgb/set_logger_level
/camera/reset_ir_exposure
/camera/reset_ir_gain
/camera/rgb/image_raw/compressed/set_parameters
/camera/rgb/image_raw/compressedDepth/set_parameters
/camera/rgb/image_raw/theora/set_parameters
/camera/rgb/image_rect_color/compressed/set_parameters
/camera/rgb/image_rect_color/compressedDepth/set_parameters
/camera/rgb/image_rect_color/theora/set_parameters
/camera/rgb/set_camera_info
/camera/rgb_rectify_color/get_loggers
/camera/rgb_rectify_color/set_logger_level
/camera/rgb_rectify_color/set_parameters
/camera/set_ae_enable
/camera/set_camera_info
/camera/set_color_auto_exposure
/camera/set_color_auto_white_balance
/camera/set_color_exposure
/camera/set_color_gain
/camera/set_color_mirror
/camera/set_depth_auto_exposure
/camera/set_depth_auto_white_balance
/camera/set_depth_exposure
/camera/set_depth_gain
/camera/set_depth_mirror
/camera/set_distortioncal
/camera/set_fan
/camera/set_ir_auto_exposure
/camera/set_ir_auto_white_balance
/camera/set_ir_exposure
/camera/set_ir_flood
/camera/set_ir_gain
/camera/set_ir_mirror
/camera/set_laser
/camera/set_ldp
/camera/set_uvc_auto_exposure
/camera/set_uvc_auto_white_balance
/camera/set_uvc_exposure
/camera/set_uvc_gain
/camera/set_uvc_mirror
/camera/set_uvc_white_balance
/camera/switch_ir_camera
/camera/uvc_color/get_loggers
/camera/uvc_color/set_logger_level
/camera/uvc_color/set_parameters
/camera_base_link/get_loggers
/camera_base_link/set_logger_level
/camera_base_link1/get_loggers
/camera_base_link1/set_logger_level
/camera_base_link2/get_loggers
/camera_base_link2/set_logger_level
/camera_base_link3/get_loggers
/camera_base_link3/set_logger_level
/jethexa/amcl/get_loggers
/jethexa/amcl/set_logger_level
/jethexa/amcl/set_parameters
/jethexa/battery_low_alarm/get_loggers
/jethexa/battery_low_alarm/set_logger_level
/jethexa/body_link_to_laser_link/get_loggers
/jethexa/body_link_to_laser_link/set_logger_level
/jethexa/ekf_se/enable
/jethexa/ekf_se/get_loggers
/jethexa/ekf_se/set_logger_level
/jethexa/ekf_se/toggle
/jethexa/global_localization
/jethexa/jethexa_controller/get_loggers
/jethexa/jethexa_controller/set_logger_level
/jethexa/jethexa_controller/set_pose
/jethexa/jethexa_controller/set_pose_1
/jethexa/jethexa_controller/set_pose_2
/jethexa/joystick_control/get_loggers
/jethexa/joystick_control/set_logger_level
/jethexa/map_server/get_loggers
/jethexa/map_server/set_logger_level
/jethexa/move_base/GlobalPlanner/make_plan
/jethexa/move_base/GlobalPlanner/set_parameters
/jethexa/move_base/TebLocalPlannerROS/costmap_converter/CostmapToLinesDBSRANSAC/set_parameters
/jethexa/move_base/TebLocalPlannerROS/set_parameters
/jethexa/move_base/clear_costmaps
/jethexa/move_base/get_loggers
/jethexa/move_base/global_costmap/set_parameters
/jethexa/move_base/global_costmap/static_layer/set_parameters
/jethexa/move_base/local_costmap/inflation_layer/set_parameters
/jethexa/move_base/local_costmap/obstacle_layer/set_parameters
/jethexa/move_base/local_costmap/set_parameters
/jethexa/move_base/make_plan
/jethexa/move_base/set_logger_level
/jethexa/move_base/set_parameters
/jethexa/publish_goal/get_loggers
/jethexa/publish_goal/set_logger_level
/jethexa/request_nomotion_update
/jethexa/rf2o_laser_odometry/get_loggers
/jethexa/rf2o_laser_odometry/set_logger_level
/jethexa/robot_state_publisher/get_loggers
/jethexa/robot_state_publisher/set_logger_level
/jethexa/set_map
/jethexa/start_scan
/jethexa/static_map
/jethexa/stop_scan
/jethexa/ydlidar_lidar_g4_publisher/get_loggers
/jethexa/ydlidar_lidar_g4_publisher/set_logger_level
/mapping_rviz/get_loggers
/mapping_rviz/load_config
/mapping_rviz/reload_shaders
/mapping_rviz/save_config
/mapping_rviz/set_logger_level
/rosout/get_loggers
/rosout/set_logger_level
/uav_follower/bad_detections
/uav_follower/record_1709685921553479478/get_loggers
/uav_follower/record_1709685921553479478/set_logger_level
/uav_follower/resume_trigger
/uav_follower/ss00_Liaison/get_loggers
/uav_follower/ss00_Liaison/set_logger_level
/uav_follower/ss01_Photographer/get_loggers
/uav_follower/ss01_Photographer/set_logger_level
/uav_follower/ss02_Detector/get_loggers
/uav_follower/ss02_Detector/set_logger_level
/uav_follower/ss03_DataProcessor/get_loggers
/uav_follower/ss03_DataProcessor/set_logger_level
/uav_follower/ss04_tf2Watcher/get_loggers
/uav_follower/ss04_tf2Watcher/set_logger_level
/uav_follower/ss04_tf2Watcher/tf2_frames
/uav_follower/tf2_poll
/web_video_server/get_loggers
/web_video_server/set_logger_level
