/camera/camera_connected
/camera/camera_disconnected
/camera/camera_nodelet_manager/bond
/camera/depth/camera_info
/camera/depth/image
/camera/depth/image/compressed
/camera/depth/image/compressed/parameter_descriptions
/camera/depth/image/compressed/parameter_updates
/camera/depth/image/compressedDepth
/camera/depth/image/compressedDepth/parameter_descriptions
/camera/depth/image/compressedDepth/parameter_updates
/camera/depth/image/theora
/camera/depth/image/theora/parameter_descriptions
/camera/depth/image/theora/parameter_updates
/camera/depth/image_raw
/camera/depth/image_raw/compressed
/camera/depth/image_raw/compressed/parameter_descriptions
/camera/depth/image_raw/compressed/parameter_updates
/camera/depth/image_raw/compressedDepth
/camera/depth/image_raw/compressedDepth/parameter_descriptions
/camera/depth/image_raw/compressedDepth/parameter_updates
/camera/depth/image_raw/theora
/camera/depth/image_raw/theora/parameter_descriptions
/camera/depth/image_raw/theora/parameter_updates
/camera/depth/image_rect
/camera/depth/image_rect/compressed
/camera/depth/image_rect/compressed/parameter_descriptions
/camera/depth/image_rect/compressed/parameter_updates
/camera/depth/image_rect/compressedDepth
/camera/depth/image_rect/compressedDepth/parameter_descriptions
/camera/depth/image_rect/compressedDepth/parameter_updates
/camera/depth/image_rect/theora
/camera/depth/image_rect/theora/parameter_descriptions
/camera/depth/image_rect/theora/parameter_updates
/camera/depth/image_rect_raw
/camera/depth/image_rect_raw/compressed
/camera/depth/image_rect_raw/compressed/parameter_descriptions
/camera/depth/image_rect_raw/compressed/parameter_updates
/camera/depth/image_rect_raw/compressedDepth
/camera/depth/image_rect_raw/compressedDepth/parameter_descriptions
/camera/depth/image_rect_raw/compressedDepth/parameter_updates
/camera/depth/image_rect_raw/theora
/camera/depth/image_rect_raw/theora/parameter_descriptions
/camera/depth/image_rect_raw/theora/parameter_updates
/camera/depth/points
/camera/depth_rectify_depth/parameter_descriptions
/camera/depth_rectify_depth/parameter_updates
/camera/depth_registered/camera_info
/camera/depth_registered/image_raw
/camera/depth_registered/image_raw/compressed
/camera/depth_registered/image_raw/compressed/parameter_descriptions
/camera/depth_registered/image_raw/compressed/parameter_updates
/camera/depth_registered/image_raw/compressedDepth
/camera/depth_registered/image_raw/compressedDepth/parameter_descriptions
/camera/depth_registered/image_raw/compressedDepth/parameter_updates
/camera/depth_registered/image_raw/theora
/camera/depth_registered/image_raw/theora/parameter_descriptions
/camera/depth_registered/image_raw/theora/parameter_updates
/camera/depth_registered/points
/camera/depth_registered/sw_registered/camera_info
/camera/depth_registered/sw_registered/image_rect
/camera/depth_registered/sw_registered/image_rect/compressed
/camera/depth_registered/sw_registered/image_rect/compressed/parameter_descriptions
/camera/depth_registered/sw_registered/image_rect/compressed/parameter_updates
/camera/depth_registered/sw_registered/image_rect/compressedDepth
/camera/depth_registered/sw_registered/image_rect/compressedDepth/parameter_descriptions
/camera/depth_registered/sw_registered/image_rect/compressedDepth/parameter_updates
/camera/depth_registered/sw_registered/image_rect/theora
/camera/depth_registered/sw_registered/image_rect/theora/parameter_descriptions
/camera/depth_registered/sw_registered/image_rect/theora/parameter_updates
/camera/depth_registered/sw_registered/image_rect_raw
/camera/depth_registered/sw_registered/image_rect_raw/compressed
/camera/depth_registered/sw_registered/image_rect_raw/compressed/parameter_descriptions
/camera/depth_registered/sw_registered/image_rect_raw/compressed/parameter_updates
/camera/depth_registered/sw_registered/image_rect_raw/compressedDepth
/camera/depth_registered/sw_registered/image_rect_raw/compressedDepth/parameter_descriptions
/camera/depth_registered/sw_registered/image_rect_raw/compressedDepth/parameter_updates
/camera/depth_registered/sw_registered/image_rect_raw/theora
/camera/depth_registered/sw_registered/image_rect_raw/theora/parameter_descriptions
/camera/depth_registered/sw_registered/image_rect_raw/theora/parameter_updates
/camera/driver/parameter_descriptions
/camera/driver/parameter_updates
/camera/ir/camera_info
/camera/ir/image
/camera/ir/image/compressed
/camera/ir/image/compressed/parameter_descriptions
/camera/ir/image/compressed/parameter_updates
/camera/ir/image/compressedDepth
/camera/ir/image/compressedDepth/parameter_descriptions
/camera/ir/image/compressedDepth/parameter_updates
/camera/ir/image/theora
/camera/ir/image/theora/parameter_descriptions
/camera/ir/image/theora/parameter_updates
/camera/projector/camera_info
/camera/rgb/camera_info
/camera/rgb/image_raw
/camera/rgb/image_raw/compressed
/camera/rgb/image_raw/compressed/parameter_descriptions
/camera/rgb/image_raw/compressed/parameter_updates
/camera/rgb/image_raw/compressedDepth
/camera/rgb/image_raw/compressedDepth/parameter_descriptions
/camera/rgb/image_raw/compressedDepth/parameter_updates
/camera/rgb/image_raw/theora
/camera/rgb/image_raw/theora/parameter_descriptions
/camera/rgb/image_raw/theora/parameter_updates
/camera/rgb/image_rect_color
/camera/rgb/image_rect_color/compressed
/camera/rgb/image_rect_color/compressed/parameter_descriptions
/camera/rgb/image_rect_color/compressed/parameter_updates
/camera/rgb/image_rect_color/compressedDepth
/camera/rgb/image_rect_color/compressedDepth/parameter_descriptions
/camera/rgb/image_rect_color/compressedDepth/parameter_updates
/camera/rgb/image_rect_color/theora
/camera/rgb/image_rect_color/theora/parameter_descriptions
/camera/rgb/image_rect_color/theora/parameter_updates
/camera/rgb_rectify_color/parameter_descriptions
/camera/rgb_rectify_color/parameter_updates
/camera/uvc_color/parameter_descriptions
/camera/uvc_color/parameter_updates
/diagnostics
/exploration_polygon_marker
/exploration_polygon_marker_array
/jethexa/amcl/parameter_descriptions
/jethexa/amcl/parameter_updates
/jethexa/amcl_pose
/jethexa/clicked_point
/jethexa/cmd_vel
/jethexa/imu/filtered
/jethexa/initialpose
/jethexa/jethexa_controller/cmd_vel
/jethexa/jethexa_controller/pose_transform_euler
/jethexa/jethexa_controller/run_actionset
/jethexa/jethexa_controller/set_head_absolute
/jethexa/jethexa_controller/set_head_relatively
/jethexa/jethexa_controller/set_leg_absolute
/jethexa/jethexa_controller/set_leg_relatively
/jethexa/jethexa_controller/set_pose
/jethexa/jethexa_controller/set_pose_euler
/jethexa/jethexa_controller/traveling
/jethexa/joint_states
/jethexa/map
/jethexa/map_metadata
/jethexa/map_updates
/jethexa/move_base/GlobalPlanner/parameter_descriptions
/jethexa/move_base/GlobalPlanner/parameter_updates
/jethexa/move_base/GlobalPlanner/plan
/jethexa/move_base/GlobalPlanner/potential
/jethexa/move_base/TebLocalPlannerROS/costmap_converter/CostmapToLinesDBSRANSAC/parameter_descriptions
/jethexa/move_base/TebLocalPlannerROS/costmap_converter/CostmapToLinesDBSRANSAC/parameter_updates
/jethexa/move_base/TebLocalPlannerROS/global_plan
/jethexa/move_base/TebLocalPlannerROS/local_plan
/jethexa/move_base/TebLocalPlannerROS/obstacles
/jethexa/move_base/TebLocalPlannerROS/parameter_descriptions
/jethexa/move_base/TebLocalPlannerROS/parameter_updates
/jethexa/move_base/TebLocalPlannerROS/teb_feedback
/jethexa/move_base/TebLocalPlannerROS/teb_markers
/jethexa/move_base/TebLocalPlannerROS/teb_poses
/jethexa/move_base/TebLocalPlannerROS/via_points
/jethexa/move_base/cancel
/jethexa/move_base/current_goal
/jethexa/move_base/feedback
/jethexa/move_base/global_costmap/costmap
/jethexa/move_base/global_costmap/costmap_updates
/jethexa/move_base/global_costmap/footprint
/jethexa/move_base/global_costmap/parameter_descriptions
/jethexa/move_base/global_costmap/parameter_updates
/jethexa/move_base/global_costmap/static_layer/parameter_descriptions
/jethexa/move_base/global_costmap/static_layer/parameter_updates
/jethexa/move_base/goal
/jethexa/move_base/local_costmap/costmap
/jethexa/move_base/local_costmap/costmap_updates
/jethexa/move_base/local_costmap/footprint
/jethexa/move_base/local_costmap/inflation_layer/parameter_descriptions
/jethexa/move_base/local_costmap/inflation_layer/parameter_updates
/jethexa/move_base/local_costmap/obstacle_layer/parameter_descriptions
/jethexa/move_base/local_costmap/obstacle_layer/parameter_updates
/jethexa/move_base/local_costmap/parameter_descriptions
/jethexa/move_base/local_costmap/parameter_updates
/jethexa/move_base/parameter_descriptions
/jethexa/move_base/parameter_updates
/jethexa/move_base/recovery_status
/jethexa/move_base/result
/jethexa/move_base/status
/jethexa/move_base_node/global_costmap/footprint
/jethexa/move_base_simple/goal
/jethexa/odom/filtered
/jethexa/odom/laser
/jethexa/odom/raw
/jethexa/particlecloud
/jethexa/path_point
/jethexa/point_cloud
/jethexa/scan/raw
/jethexa/voltage
/jethexa/waypoints
/rosout
/rosout_agg
/tf
/tf_static
/uav_follower/RGBHub
/uav_follower/calcd_depth_val
/uav_follower/calcd_drone_pos
/uav_follower/detections
/uav_follower/tf2_record
